<?xml version="1.0" encoding="UTF-8" ?>
<testsuites>
<testsuite name="Main menu navigation" errors="0" tests="2" failures="0" time="4.597" timestamp="2014-01-02T19:19:33">
  <testcase classname="Main menu navigation" name="should select the homepage" time="2.552"></testcase>
  <testcase classname="Main menu navigation" name="should change the page" time="2.043"></testcase>
</testsuite>
</testsuites>