<?xml version="1.0" encoding="UTF-8" ?>
<testsuites>
<testsuite name="Main menu navigation" errors="0" tests="2" failures="0" time="5.942" timestamp="2014-06-12T18:17:06">
  <testcase classname="Main menu navigation" name="should select the homepage" time="3.277"></testcase>
  <testcase classname="Main menu navigation" name="should change the page" time="2.663"></testcase>
</testsuite>
</testsuites>