<?xml version="1.0" encoding="UTF-8" ?>
<testsuites>
<testsuite name="Main menu navigation" errors="0" tests="2" failures="0" time="5.613" timestamp="2014-01-04T18:21:07">
  <testcase classname="Main menu navigation" name="should select the homepage" time="3.377"></testcase>
  <testcase classname="Main menu navigation" name="should change the page" time="2.235"></testcase>
</testsuite>
</testsuites>